Arguments: 
  /usr/local/Cellar/node/20.2.0/bin/node /usr/local/Cellar/yarn/1.22.19/libexec/bin/yarn.js add esbuild

PATH: 
  /Users/user/.rvm/gems/ruby-3.1.3/bin:/Users/user/.rvm/gems/ruby-3.1.3@global/bin:/Users/user/.rvm/rubies/ruby-3.1.3/bin:/usr/local/opt/openjdk/bin:/usr/local/bin:/usr/bin:/bin:/usr/sbin:/sbin:/Applications/Little Snitch.app/Contents/Components:/Library/Apple/usr/bin:/opt/local/bin:/opt/local/sbin:/usr/local/sbin:/Users/user/.rvm/bin

Yarn version: 
  1.22.19

Node version: 
  20.2.0

Platform: 
  darwin x64

Trace: 
  Error [ERR_SOCKET_CONNECTION_TIMEOUT]: Socket connection timeout
      at new NodeError (node:internal/errors:399:5)
      at internalConnectMultiple (node:net:1099:20)
      at Timeout.internalConnectMultipleTimeout (node:net:1638:3)
      at listOnTimeout (node:internal/timers:575:11)
      at process.processTimers (node:internal/timers:514:7)

npm manifest: 
  {
    "name": "app",
    "private": "true"
  }

yarn manifest: 
  No manifest

Lockfile: 
  No lockfile
